  Source.cpp
d:\3d graphics and animation\glm-0.9.7.6\glm\glm\simd\platform.h(106): warning C4005: 'GLM_COMPILER_GCC60': macro redefinition
  d:\3d graphics and animation\glm-0.9.7.6\glm\glm\detail\setup.hpp(156): note: see previous definition of 'GLM_COMPILER_GCC60'
h:\.windows_settings\my documents\visual studio 2015\projects\issa_3d_lab1.0\issa_3d_lab1.0\source.cpp(564): warning C4305: '+=': truncation from 'double' to 'float'
h:\.windows_settings\my documents\visual studio 2015\projects\issa_3d_lab1.0\issa_3d_lab1.0\source.cpp(565): warning C4305: '+=': truncation from 'double' to 'float'
h:\.windows_settings\my documents\visual studio 2015\projects\issa_3d_lab1.0\issa_3d_lab1.0\source.cpp(566): warning C4305: '+=': truncation from 'double' to 'float'
h:\.windows_settings\my documents\visual studio 2015\projects\issa_3d_lab1.0\issa_3d_lab1.0\source.cpp(567): warning C4305: '+=': truncation from 'double' to 'float'
h:\.windows_settings\my documents\visual studio 2015\projects\issa_3d_lab1.0\issa_3d_lab1.0\source.cpp(568): warning C4305: '+=': truncation from 'double' to 'float'
h:\.windows_settings\my documents\visual studio 2015\projects\issa_3d_lab1.0\issa_3d_lab1.0\source.cpp(569): warning C4305: '+=': truncation from 'double' to 'float'
h:\.windows_settings\my documents\visual studio 2015\projects\issa_3d_lab1.0\issa_3d_lab1.0\source.cpp(570): warning C4305: '+=': truncation from 'double' to 'float'
h:\.windows_settings\my documents\visual studio 2015\projects\issa_3d_lab1.0\issa_3d_lab1.0\source.cpp(571): warning C4305: '+=': truncation from 'double' to 'float'
h:\.windows_settings\my documents\visual studio 2015\projects\issa_3d_lab1.0\issa_3d_lab1.0\source.cpp(572): warning C4305: '+=': truncation from 'double' to 'float'
h:\.windows_settings\my documents\visual studio 2015\projects\issa_3d_lab1.0\issa_3d_lab1.0\source.cpp(592): warning C4305: '+=': truncation from 'double' to 'float'
h:\.windows_settings\my documents\visual studio 2015\projects\issa_3d_lab1.0\issa_3d_lab1.0\source.cpp(593): warning C4305: '+=': truncation from 'double' to 'float'
h:\.windows_settings\my documents\visual studio 2015\projects\issa_3d_lab1.0\issa_3d_lab1.0\source.cpp(594): warning C4305: '+=': truncation from 'double' to 'float'
h:\.windows_settings\my documents\visual studio 2015\projects\issa_3d_lab1.0\issa_3d_lab1.0\source.cpp(595): warning C4305: '+=': truncation from 'double' to 'float'
h:\.windows_settings\my documents\visual studio 2015\projects\issa_3d_lab1.0\issa_3d_lab1.0\source.cpp(596): warning C4305: '+=': truncation from 'double' to 'float'
h:\.windows_settings\my documents\visual studio 2015\projects\issa_3d_lab1.0\issa_3d_lab1.0\source.cpp(597): warning C4305: '+=': truncation from 'double' to 'float'
h:\.windows_settings\my documents\visual studio 2015\projects\issa_3d_lab1.0\issa_3d_lab1.0\source.cpp(598): warning C4305: '+=': truncation from 'double' to 'float'
h:\.windows_settings\my documents\visual studio 2015\projects\issa_3d_lab1.0\issa_3d_lab1.0\source.cpp(599): warning C4305: '+=': truncation from 'double' to 'float'
h:\.windows_settings\my documents\visual studio 2015\projects\issa_3d_lab1.0\issa_3d_lab1.0\source.cpp(600): warning C4305: '+=': truncation from 'double' to 'float'
h:\.windows_settings\my documents\visual studio 2015\projects\issa_3d_lab1.0\issa_3d_lab1.0\source.cpp(620): warning C4305: '+=': truncation from 'double' to 'float'
h:\.windows_settings\my documents\visual studio 2015\projects\issa_3d_lab1.0\issa_3d_lab1.0\source.cpp(621): warning C4305: '+=': truncation from 'double' to 'float'
h:\.windows_settings\my documents\visual studio 2015\projects\issa_3d_lab1.0\issa_3d_lab1.0\source.cpp(622): warning C4305: '+=': truncation from 'double' to 'float'
h:\.windows_settings\my documents\visual studio 2015\projects\issa_3d_lab1.0\issa_3d_lab1.0\source.cpp(623): warning C4305: '+=': truncation from 'double' to 'float'
h:\.windows_settings\my documents\visual studio 2015\projects\issa_3d_lab1.0\issa_3d_lab1.0\source.cpp(624): warning C4305: '+=': truncation from 'double' to 'float'
h:\.windows_settings\my documents\visual studio 2015\projects\issa_3d_lab1.0\issa_3d_lab1.0\source.cpp(625): warning C4305: '+=': truncation from 'double' to 'float'
h:\.windows_settings\my documents\visual studio 2015\projects\issa_3d_lab1.0\issa_3d_lab1.0\source.cpp(626): warning C4305: '+=': truncation from 'double' to 'float'
h:\.windows_settings\my documents\visual studio 2015\projects\issa_3d_lab1.0\issa_3d_lab1.0\source.cpp(627): warning C4305: '+=': truncation from 'double' to 'float'
h:\.windows_settings\my documents\visual studio 2015\projects\issa_3d_lab1.0\issa_3d_lab1.0\source.cpp(628): warning C4305: '+=': truncation from 'double' to 'float'
h:\.windows_settings\my documents\visual studio 2015\projects\issa_3d_lab1.0\issa_3d_lab1.0\source.cpp(648): warning C4305: '+=': truncation from 'double' to 'float'
h:\.windows_settings\my documents\visual studio 2015\projects\issa_3d_lab1.0\issa_3d_lab1.0\source.cpp(649): warning C4305: '+=': truncation from 'double' to 'float'
h:\.windows_settings\my documents\visual studio 2015\projects\issa_3d_lab1.0\issa_3d_lab1.0\source.cpp(650): warning C4305: '+=': truncation from 'double' to 'float'
h:\.windows_settings\my documents\visual studio 2015\projects\issa_3d_lab1.0\issa_3d_lab1.0\source.cpp(651): warning C4305: '+=': truncation from 'double' to 'float'
h:\.windows_settings\my documents\visual studio 2015\projects\issa_3d_lab1.0\issa_3d_lab1.0\source.cpp(652): warning C4305: '+=': truncation from 'double' to 'float'
h:\.windows_settings\my documents\visual studio 2015\projects\issa_3d_lab1.0\issa_3d_lab1.0\source.cpp(653): warning C4305: '+=': truncation from 'double' to 'float'
h:\.windows_settings\my documents\visual studio 2015\projects\issa_3d_lab1.0\issa_3d_lab1.0\source.cpp(654): warning C4305: '+=': truncation from 'double' to 'float'
h:\.windows_settings\my documents\visual studio 2015\projects\issa_3d_lab1.0\issa_3d_lab1.0\source.cpp(655): warning C4305: '+=': truncation from 'double' to 'float'
h:\.windows_settings\my documents\visual studio 2015\projects\issa_3d_lab1.0\issa_3d_lab1.0\source.cpp(656): warning C4305: '+=': truncation from 'double' to 'float'
h:\.windows_settings\my documents\visual studio 2015\projects\issa_3d_lab1.0\issa_3d_lab1.0\source.cpp(679): warning C4305: '+=': truncation from 'double' to 'float'
h:\.windows_settings\my documents\visual studio 2015\projects\issa_3d_lab1.0\issa_3d_lab1.0\source.cpp(680): warning C4305: '+=': truncation from 'double' to 'float'
h:\.windows_settings\my documents\visual studio 2015\projects\issa_3d_lab1.0\issa_3d_lab1.0\source.cpp(681): warning C4305: '+=': truncation from 'double' to 'float'
h:\.windows_settings\my documents\visual studio 2015\projects\issa_3d_lab1.0\issa_3d_lab1.0\source.cpp(682): warning C4305: '+=': truncation from 'double' to 'float'
h:\.windows_settings\my documents\visual studio 2015\projects\issa_3d_lab1.0\issa_3d_lab1.0\source.cpp(683): warning C4305: '+=': truncation from 'double' to 'float'
h:\.windows_settings\my documents\visual studio 2015\projects\issa_3d_lab1.0\issa_3d_lab1.0\source.cpp(684): warning C4305: '+=': truncation from 'double' to 'float'
h:\.windows_settings\my documents\visual studio 2015\projects\issa_3d_lab1.0\issa_3d_lab1.0\source.cpp(685): warning C4305: '+=': truncation from 'double' to 'float'
h:\.windows_settings\my documents\visual studio 2015\projects\issa_3d_lab1.0\issa_3d_lab1.0\source.cpp(686): warning C4305: '+=': truncation from 'double' to 'float'
h:\.windows_settings\my documents\visual studio 2015\projects\issa_3d_lab1.0\issa_3d_lab1.0\source.cpp(687): warning C4305: '+=': truncation from 'double' to 'float'
h:\.windows_settings\my documents\visual studio 2015\projects\issa_3d_lab1.0\issa_3d_lab1.0\source.cpp(707): warning C4305: '+=': truncation from 'double' to 'float'
h:\.windows_settings\my documents\visual studio 2015\projects\issa_3d_lab1.0\issa_3d_lab1.0\source.cpp(708): warning C4305: '+=': truncation from 'double' to 'float'
h:\.windows_settings\my documents\visual studio 2015\projects\issa_3d_lab1.0\issa_3d_lab1.0\source.cpp(709): warning C4305: '+=': truncation from 'double' to 'float'
h:\.windows_settings\my documents\visual studio 2015\projects\issa_3d_lab1.0\issa_3d_lab1.0\source.cpp(710): warning C4305: '+=': truncation from 'double' to 'float'
h:\.windows_settings\my documents\visual studio 2015\projects\issa_3d_lab1.0\issa_3d_lab1.0\source.cpp(711): warning C4305: '+=': truncation from 'double' to 'float'
h:\.windows_settings\my documents\visual studio 2015\projects\issa_3d_lab1.0\issa_3d_lab1.0\source.cpp(712): warning C4305: '+=': truncation from 'double' to 'float'
h:\.windows_settings\my documents\visual studio 2015\projects\issa_3d_lab1.0\issa_3d_lab1.0\source.cpp(713): warning C4305: '+=': truncation from 'double' to 'float'
h:\.windows_settings\my documents\visual studio 2015\projects\issa_3d_lab1.0\issa_3d_lab1.0\source.cpp(714): warning C4305: '+=': truncation from 'double' to 'float'
h:\.windows_settings\my documents\visual studio 2015\projects\issa_3d_lab1.0\issa_3d_lab1.0\source.cpp(715): warning C4305: '+=': truncation from 'double' to 'float'
h:\.windows_settings\my documents\visual studio 2015\projects\issa_3d_lab1.0\issa_3d_lab1.0\source.cpp(735): warning C4305: '+=': truncation from 'double' to 'float'
h:\.windows_settings\my documents\visual studio 2015\projects\issa_3d_lab1.0\issa_3d_lab1.0\source.cpp(736): warning C4305: '+=': truncation from 'double' to 'float'
h:\.windows_settings\my documents\visual studio 2015\projects\issa_3d_lab1.0\issa_3d_lab1.0\source.cpp(737): warning C4305: '+=': truncation from 'double' to 'float'
h:\.windows_settings\my documents\visual studio 2015\projects\issa_3d_lab1.0\issa_3d_lab1.0\source.cpp(738): warning C4305: '+=': truncation from 'double' to 'float'
h:\.windows_settings\my documents\visual studio 2015\projects\issa_3d_lab1.0\issa_3d_lab1.0\source.cpp(739): warning C4305: '+=': truncation from 'double' to 'float'
h:\.windows_settings\my documents\visual studio 2015\projects\issa_3d_lab1.0\issa_3d_lab1.0\source.cpp(740): warning C4305: '+=': truncation from 'double' to 'float'
h:\.windows_settings\my documents\visual studio 2015\projects\issa_3d_lab1.0\issa_3d_lab1.0\source.cpp(741): warning C4305: '+=': truncation from 'double' to 'float'
h:\.windows_settings\my documents\visual studio 2015\projects\issa_3d_lab1.0\issa_3d_lab1.0\source.cpp(742): warning C4305: '+=': truncation from 'double' to 'float'
h:\.windows_settings\my documents\visual studio 2015\projects\issa_3d_lab1.0\issa_3d_lab1.0\source.cpp(743): warning C4305: '+=': truncation from 'double' to 'float'
h:\.windows_settings\my documents\visual studio 2015\projects\issa_3d_lab1.0\issa_3d_lab1.0\source.cpp(763): warning C4305: '+=': truncation from 'double' to 'float'
h:\.windows_settings\my documents\visual studio 2015\projects\issa_3d_lab1.0\issa_3d_lab1.0\source.cpp(764): warning C4305: '+=': truncation from 'double' to 'float'
h:\.windows_settings\my documents\visual studio 2015\projects\issa_3d_lab1.0\issa_3d_lab1.0\source.cpp(765): warning C4305: '+=': truncation from 'double' to 'float'
h:\.windows_settings\my documents\visual studio 2015\projects\issa_3d_lab1.0\issa_3d_lab1.0\source.cpp(766): warning C4305: '+=': truncation from 'double' to 'float'
h:\.windows_settings\my documents\visual studio 2015\projects\issa_3d_lab1.0\issa_3d_lab1.0\source.cpp(767): warning C4305: '+=': truncation from 'double' to 'float'
h:\.windows_settings\my documents\visual studio 2015\projects\issa_3d_lab1.0\issa_3d_lab1.0\source.cpp(768): warning C4305: '+=': truncation from 'double' to 'float'
h:\.windows_settings\my documents\visual studio 2015\projects\issa_3d_lab1.0\issa_3d_lab1.0\source.cpp(769): warning C4305: '+=': truncation from 'double' to 'float'
h:\.windows_settings\my documents\visual studio 2015\projects\issa_3d_lab1.0\issa_3d_lab1.0\source.cpp(770): warning C4305: '+=': truncation from 'double' to 'float'
h:\.windows_settings\my documents\visual studio 2015\projects\issa_3d_lab1.0\issa_3d_lab1.0\source.cpp(771): warning C4305: '+=': truncation from 'double' to 'float'
h:\.windows_settings\my documents\visual studio 2015\projects\issa_3d_lab1.0\issa_3d_lab1.0\source.cpp(791): warning C4305: '+=': truncation from 'double' to 'float'
h:\.windows_settings\my documents\visual studio 2015\projects\issa_3d_lab1.0\issa_3d_lab1.0\source.cpp(792): warning C4305: '+=': truncation from 'double' to 'float'
h:\.windows_settings\my documents\visual studio 2015\projects\issa_3d_lab1.0\issa_3d_lab1.0\source.cpp(793): warning C4305: '+=': truncation from 'double' to 'float'
h:\.windows_settings\my documents\visual studio 2015\projects\issa_3d_lab1.0\issa_3d_lab1.0\source.cpp(794): warning C4305: '+=': truncation from 'double' to 'float'
h:\.windows_settings\my documents\visual studio 2015\projects\issa_3d_lab1.0\issa_3d_lab1.0\source.cpp(795): warning C4305: '+=': truncation from 'double' to 'float'
h:\.windows_settings\my documents\visual studio 2015\projects\issa_3d_lab1.0\issa_3d_lab1.0\source.cpp(796): warning C4305: '+=': truncation from 'double' to 'float'
h:\.windows_settings\my documents\visual studio 2015\projects\issa_3d_lab1.0\issa_3d_lab1.0\source.cpp(797): warning C4305: '+=': truncation from 'double' to 'float'
h:\.windows_settings\my documents\visual studio 2015\projects\issa_3d_lab1.0\issa_3d_lab1.0\source.cpp(798): warning C4305: '+=': truncation from 'double' to 'float'
h:\.windows_settings\my documents\visual studio 2015\projects\issa_3d_lab1.0\issa_3d_lab1.0\source.cpp(799): warning C4305: '+=': truncation from 'double' to 'float'
  Issa_3D_Lab1.0.vcxproj -> H:\.windows_settings\My Documents\Visual Studio 2015\Projects\Issa_3D_Lab1.0\Debug\Issa_3D_Lab1.0.exe
  Issa_3D_Lab1.0.vcxproj -> H:\.windows_settings\My Documents\Visual Studio 2015\Projects\Issa_3D_Lab1.0\Debug\Issa_3D_Lab1.0.pdb (Partial PDB)
